Сборка начата 24.12.2025 00:27:59.
Уровень детализации журнала: Normal.     1>Проект "C:\Users\Annai\Desktop\Основы ПИ1\OPI_project_marks_counter\final\final\final\final.vcxproj" в узле 2 (целевые объекты Build).
     1>PrepareForBuild:
         Структурированный вывод включен. Форматирование диагностики компилятора будет отражать иерархию ошибок. Подробнее см. https://aka.ms/cpp/structured-output.
       InitializeBuildStatus:
         Обращение к "x64\Debug\final.tlog\unsuccessfulbuild".
       ClCompile:
         C:\Program Files\Microsoft Visual Studio\2022\Community\VC\Tools\MSVC\14.44.35207\bin\HostX64\x64\CL.exe /c /ZI /JMC /nologo /W3 /WX- /diagnostics:column /sdl /Od /D _DEBUG /D _CONSOLE /D _UNICODE /D UNICODE /Gm- /EHsc /RTC1 /MDd /GS /fp:precise /Zc:wchar_t /Zc:forScope /Zc:inline /permissive- /Fo"x64\Debug\\" /Fd"x64\Debug\vc143.pdb" /external:W3 /Gd /TP /FC /errorReport:prompt final.cpp
         final.cpp
       Link:
         C:\Program Files\Microsoft Visual Studio\2022\Community\VC\Tools\MSVC\14.44.35207\bin\HostX64\x64\link.exe /ERRORREPORT:PROMPT /OUT:"C:\Users\Annai\Desktop\Основы ПИ1\OPI_project_marks_counter\final\final\x64\Debug\final.exe" /INCREMENTAL /ILK:"x64\Debug\final.ilk" /NOLOGO kernel32.lib user32.lib gdi32.lib winspool.lib comdlg32.lib advapi32.lib shell32.lib ole32.lib oleaut32.lib uuid.lib odbc32.lib odbccp32.lib /MANIFEST /MANIFESTUAC:"level='asInvoker' uiAccess='false'" /manifest:embed /DEBUG /PDB:"C:\Users\Annai\Desktop\Основы ПИ1\OPI_project_marks_counter\final\final\x64\Debug\final.pdb" /SUBSYSTEM:CONSOLE /TLBID:1 /DYNAMICBASE /NXCOMPAT /IMPLIB:"C:\Users\Annai\Desktop\Основы ПИ1\OPI_project_marks_counter\final\final\x64\Debug\final.lib" /MACHINE:X64 x64\Debug\final.obj
         final.vcxproj -> C:\Users\Annai\Desktop\Основы ПИ1\OPI_project_marks_counter\final\final\x64\Debug\final.exe
       FinalizeBuildStatus:
         Файл "x64\Debug\final.tlog\unsuccessfulbuild" удаляется.
         Обращение к "x64\Debug\final.tlog\final.lastbuildstate".
     1>Сборка проекта "C:\Users\Annai\Desktop\Основы ПИ1\OPI_project_marks_counter\final\final\final\final.vcxproj" завершена (целевые объекты Build).

Сборка успешно завершена.
    Предупреждений: 0
    Ошибок: 0

Прошло времени 00:00:01.13
