Сборка начата 22.12.2025 01:46:01.
Уровень детализации журнала: Normal.     1>Проект "C:\Users\Annai\Desktop\Основы ПИ1\lab12project\switch\switch.vcxproj" в узле 2 (целевые объекты Build).
     1>PrepareForBuild:
         Структурированный вывод включен. Форматирование диагностики компилятора будет отражать иерархию ошибок. Подробнее см. https://aka.ms/cpp/structured-output.
       InitializeBuildStatus:
         Обращение к "x64\Debug\switch.tlog\unsuccessfulbuild".
       ClCompile:
         C:\Program Files\Microsoft Visual Studio\2022\Community\VC\Tools\MSVC\14.44.35207\bin\HostX64\x64\CL.exe /c /ZI /JMC /nologo /W3 /WX- /diagnostics:column /sdl /Od /D _DEBUG /D _CONSOLE /D _UNICODE /D UNICODE /Gm- /EHsc /RTC1 /MDd /GS /fp:precise /Zc:wchar_t /Zc:forScope /Zc:inline /permissive- /Fo"x64\Debug\\" /Fd"x64\Debug\vc143.pdb" /external:W3 /Gd /TP /FC /errorReport:prompt analyse.cpp
         analyse.cpp
     1>C:\Users\Annai\Desktop\Основы ПИ1\lab12project\switch\analyse.cpp(33,31): warning C4244: аргумент: преобразование "float" в "int", возможна потеря данных
     1>C:\Users\Annai\Desktop\Основы ПИ1\lab12project\switch\analyse.cpp(42,46): warning C4244: аргумент: преобразование "float" в "int", возможна потеря данных
       Link:
         C:\Program Files\Microsoft Visual Studio\2022\Community\VC\Tools\MSVC\14.44.35207\bin\HostX64\x64\link.exe /ERRORREPORT:PROMPT /OUT:"C:\Users\Annai\Desktop\Основы ПИ1\lab12project\x64\Debug\switch.exe" /INCREMENTAL /ILK:"x64\Debug\switch.ilk" /NOLOGO kernel32.lib user32.lib gdi32.lib winspool.lib comdlg32.lib advapi32.lib shell32.lib ole32.lib oleaut32.lib uuid.lib odbc32.lib odbccp32.lib /MANIFEST /MANIFESTUAC:"level='asInvoker' uiAccess='false'" /manifest:embed /DEBUG /PDB:"C:\Users\Annai\Desktop\Основы ПИ1\lab12project\x64\Debug\switch.pdb" /SUBSYSTEM:CONSOLE /TLBID:1 /DYNAMICBASE /NXCOMPAT /IMPLIB:"C:\Users\Annai\Desktop\Основы ПИ1\lab12project\x64\Debug\switch.lib" /MACHINE:X64 x64\Debug\coutAuto.obj
         x64\Debug\coutFromKeyboard.obj
         x64\Debug\analyse.obj
         switch.vcxproj -> C:\Users\Annai\Desktop\Основы ПИ1\lab12project\x64\Debug\switch.exe
       TlogCleanup:
         Следующие элементы будут удалены из tlogs, так как они были удалены из проекта или сборки: C:\Users\Annai\Desktop\Основы ПИ1\lab12project\switch\x64\Debug\switch.obj.
       FinalizeBuildStatus:
         Файл "x64\Debug\switch.tlog\unsuccessfulbuild" удаляется.
         Обращение к "x64\Debug\switch.tlog\switch.lastbuildstate".
     1>Сборка проекта "C:\Users\Annai\Desktop\Основы ПИ1\lab12project\switch\switch.vcxproj" завершена (целевые объекты Build).

Сборка успешно завершена.

       "C:\Users\Annai\Desktop\Основы ПИ1\lab12project\switch\switch.vcxproj" (целевой объект Build ) (1) ->
       (Целевой объект ClCompile) -> 
         C:\Users\Annai\Desktop\Основы ПИ1\lab12project\switch\analyse.cpp(33,31): warning C4244: аргумент: преобразование "float" в "int", возможна потеря данных
         C:\Users\Annai\Desktop\Основы ПИ1\lab12project\switch\analyse.cpp(42,46): warning C4244: аргумент: преобразование "float" в "int", возможна потеря данных

    Предупреждений: 2
    Ошибок: 0

Прошло времени 00:00:00.74
